0 info it worked if it ends with ok
1 verbose cli [ 'node', '/usr/local/bin/npm', 'update', 'mithril-tests' ]
2 info using npm@1.4.28
3 info using node@v0.10.34
4 info outdated updating [ [ '/Users/philtoms/dev/mithril/mithril.elements.js',
4 info outdated     'mithril-tests',
4 info outdated     undefined,
4 info outdated     'git',
4 info outdated     'git',
4 info outdated     'git+https://github.com/lhorie/mithril.js/blob/next/tests/mithril-tests.js' ] ]
5 verbose install where,what [ '/Users/philtoms/dev/mithril/mithril.elements.js',
5 verbose install   [ 'git+https://github.com/lhorie/mithril.js/blob/next/tests/mithril-tests.js' ] ]
6 verbose readDependencies using package.json deps
7 verbose cache add [ 'git+https://github.com/lhorie/mithril.js/blob/next/tests/mithril-tests.js',
7 verbose cache add   null ]
8 verbose cache add name=undefined spec="git+https://github.com/lhorie/mithril.js/blob/next/tests/mithril-tests.js" args=["git+https://github.com/lhorie/mithril.js/blob/next/tests/mithril-tests.js",null]
9 verbose parsed url { protocol: 'git+https:',
9 verbose parsed url   slashes: true,
9 verbose parsed url   auth: null,
9 verbose parsed url   host: 'github.com',
9 verbose parsed url   port: null,
9 verbose parsed url   hostname: 'github.com',
9 verbose parsed url   hash: null,
9 verbose parsed url   search: null,
9 verbose parsed url   query: null,
9 verbose parsed url   pathname: '/lhorie/mithril.js/blob/next/tests/mithril-tests.js',
9 verbose parsed url   path: '/lhorie/mithril.js/blob/next/tests/mithril-tests.js',
9 verbose parsed url   href: 'git+https://github.com/lhorie/mithril.js/blob/next/tests/mithril-tests.js' }
10 silly lockFile 360da585-blob-next-tests-mithril-tests-js https://github.com/lhorie/mithril.js/blob/next/tests/mithril-tests.js
11 verbose lock https://github.com/lhorie/mithril.js/blob/next/tests/mithril-tests.js /Users/philtoms/.npm/360da585-blob-next-tests-mithril-tests-js.lock
12 verbose addRemoteGit [ 'https://github.com/lhorie/mithril.js/blob/next/tests/mithril-tests.js',
12 verbose addRemoteGit   'master' ]
13 error git clone https://github.com/lhorie/mithril.js/blob/next/tests/mithril-tests.js Cloning into bare repository '/Users/philtoms/.npm/_git-remotes/https-github-com-lhorie-mithril-js-blob-next-tests-mithril-tests-js-360da585'...
13 error git clone https://github.com/lhorie/mithril.js/blob/next/tests/mithril-tests.js
13 error git clone https://github.com/lhorie/mithril.js/blob/next/tests/mithril-tests.js fatal: repository 'https://github.com/lhorie/mithril.js/blob/next/tests/mithril-tests.js/' not found
14 silly lockFile 360da585-blob-next-tests-mithril-tests-js https://github.com/lhorie/mithril.js/blob/next/tests/mithril-tests.js
15 silly lockFile 360da585-blob-next-tests-mithril-tests-js https://github.com/lhorie/mithril.js/blob/next/tests/mithril-tests.js
16 error Error: Command failed: fatal: repository 'https://github.com/lhorie/mithril.js/blob/next/tests/mithril-tests.js/' not found
16 error
16 error     at ChildProcess.exithandler (child_process.js:658:15)
16 error     at ChildProcess.emit (events.js:98:17)
16 error     at maybeClose (child_process.js:766:16)
16 error     at Socket.<anonymous> (child_process.js:979:11)
16 error     at Socket.emit (events.js:95:17)
16 error     at Pipe.close (net.js:466:12)
17 error If you need help, you may report this *entire* log,
17 error including the npm and node versions, at:
17 error     <http://github.com/npm/npm/issues>
18 error System Darwin 13.1.0
19 error command "node" "/usr/local/bin/npm" "update" "mithril-tests"
20 error cwd /Users/philtoms/dev/mithril/mithril.elements.js
21 error node -v v0.10.34
22 error npm -v 1.4.28
23 error code 128
24 verbose exit [ 1, true ]
